Using pre-set license
Built from 'master' branch; Version is '2020.3.36f1 (71f96b79b9f0) revision 7469419'; Using compiler version '192528614'; Build Type 'Release'
OS: 'Windows 11  (10.0.22000) 64bit Core' Language: 'en' Physical Memory: 16271 MB
BatchMode: 1, IsHumanControllingUs: 0, StartBugReporterOnCrash: 0, Is64bit: 1, IsPro: 0

COMMAND LINE ARGUMENTS:
C:\Program Files\Unity\Hub\Editor\2020.3.36f1\Editor\Unity.exe
-adb2
-batchMode
-noUpm
-name
AssetImportWorker0
-projectPath
C:/college/Hunter/summer2022/arcture1/VRun
-logFile
Logs/AssetImportWorker0.log
-srvPort
56045
Successfully changed project path to: C:/college/Hunter/summer2022/arcture1/VRun
C:/college/Hunter/summer2022/arcture1/VRun
Using Asset Import Pipeline V2.
Refreshing native plugins compatible for Editor in 62.28 ms, found 2 plugins.
Preloading 0 native plugins for Editor in 0.00 ms.
Initialize engine version: 2020.3.36f1 (71f96b79b9f0)
[Subsystems] Discovering subsystems at path C:/Program Files/Unity/Hub/Editor/2020.3.36f1/Editor/Data/Resources/UnitySubsystems
[Subsystems] Discovering subsystems at path C:/college/Hunter/summer2022/arcture1/VRun/Assets
GfxDevice: creating device client; threaded=0
Direct3D:
    Version:  Direct3D 11.0 [level 11.1]
    Renderer: NVIDIA GeForce MX250 (ID=0x1d13)
    Vendor:   
    VRAM:     4027 MB
    Driver:   30.0.15.1278
Initialize mono
Mono path[0] = 'C:/Program Files/Unity/Hub/Editor/2020.3.36f1/Editor/Data/Managed'
Mono path[1] = 'C:/Program Files/Unity/Hub/Editor/2020.3.36f1/Editor/Data/MonoBleedingEdge/lib/mono/unityjit'
Mono config path = 'C:/Program Files/Unity/Hub/Editor/2020.3.36f1/Editor/Data/MonoBleedingEdge/etc'
Using monoOptions --debugger-agent=transport=dt_socket,embedding=1,server=y,suspend=n,address=127.0.0.1:56804
Begin MonoManager ReloadAssembly
Registering precompiled unity dll's ...
Register platform support module: C:/Program Files/Unity/Hub/Editor/2020.3.36f1/Editor/Data/PlaybackEngines/WindowsStandaloneSupport/UnityEditor.WindowsStandalone.Extensions.dll
Registered in 0.001495 seconds.
Native extension for WindowsStandalone target not found
Refreshing native plugins compatible for Editor in 43.85 ms, found 2 plugins.
Preloading 0 native plugins for Editor in 0.00 ms.
Mono: successfully reloaded assembly
- Completed reload, in  0.778 seconds
Domain Reload Profiling:
	ReloadAssembly (778ms)
		BeginReloadAssembly (85ms)
			ExecutionOrderSort (0ms)
			DisableScriptedObjects (0ms)
			BackupInstance (0ms)
			ReleaseScriptingObjects (0ms)
			CreateAndSetChildDomain (1ms)
		EndReloadAssembly (592ms)
			LoadAssemblies (81ms)
			RebuildTransferFunctionScriptingTraits (0ms)
			SetupTypeCache (231ms)
			ReleaseScriptCaches (0ms)
			RebuildScriptCaches (38ms)
			SetupLoadedEditorAssemblies (197ms)
				LogAssemblyErrors (0ms)
				InitializePlatformSupportModulesInManaged (5ms)
				SetLoadedEditorAssemblies (0ms)
				RefreshPlugins (44ms)
				BeforeProcessingInitializeOnLoad (10ms)
				ProcessInitializeOnLoadAttributes (103ms)
				ProcessInitializeOnLoadMethodAttributes (34ms)
				AfterProcessingInitializeOnLoad (0ms)
				EditorAssembliesLoaded (0ms)
			ExecutionOrderSort2 (0ms)
			AwakeInstancesAfterBackupRestoration (0ms)
Platform modules already initialized, skipping
Registering precompiled user dll's ...
Registered in 0.002339 seconds.
Begin MonoManager ReloadAssembly
Native extension for WindowsStandalone target not found
Refreshing native plugins compatible for Editor in 0.41 ms, found 2 plugins.
Preloading 0 native plugins for Editor in 0.00 ms.
Mono: successfully reloaded assembly
- Completed reload, in  1.048 seconds
Domain Reload Profiling:
	ReloadAssembly (1048ms)
		BeginReloadAssembly (146ms)
			ExecutionOrderSort (0ms)
			DisableScriptedObjects (5ms)
			BackupInstance (0ms)
			ReleaseScriptingObjects (0ms)
			CreateAndSetChildDomain (18ms)
		EndReloadAssembly (842ms)
			LoadAssemblies (85ms)
			RebuildTransferFunctionScriptingTraits (0ms)
			SetupTypeCache (272ms)
			ReleaseScriptCaches (0ms)
			RebuildScriptCaches (46ms)
			SetupLoadedEditorAssemblies (328ms)
				LogAssemblyErrors (0ms)
				InitializePlatformSupportModulesInManaged (6ms)
				SetLoadedEditorAssemblies (1ms)
				RefreshPlugins (0ms)
				BeforeProcessingInitializeOnLoad (70ms)
				ProcessInitializeOnLoadAttributes (232ms)
				ProcessInitializeOnLoadMethodAttributes (15ms)
				AfterProcessingInitializeOnLoad (4ms)
				EditorAssembliesLoaded (0ms)
			ExecutionOrderSort2 (0ms)
			AwakeInstancesAfterBackupRestoration (2ms)
Platform modules already initialized, skipping
========================================================================
Worker process is ready to serve import requests
Launched and connected shader compiler UnityShaderCompiler.exe after 0.03 seconds
Refreshing native plugins compatible for Editor in 0.38 ms, found 2 plugins.
Preloading 0 native plugins for Editor in 0.00 ms.
Unloading 1614 Unused Serialized files (Serialized files now loaded: 0)
System memory in use before: 91.5 MB.
System memory in use after: 91.6 MB.

Unloading 17 unused Assets to reduce memory usage. Loaded Objects now: 2072.
Total: 3.548300 ms (FindLiveObjects: 0.120800 ms CreateObjectMapping: 0.050700 ms MarkObjects: 3.292700 ms  DeleteObjects: 0.083400 ms)

AssetImportParameters requested are different than current active one (requested -> active):
  custom:framework-win-MediaFoundation: 216162199b28c13a410421893ffa2e32 -> 
  custom:video-decoder-ogg-theora: a1e56fd34408186e4bbccfd4996cb3dc -> 
  custom:container-muxer-webm: aa71ff27fc2769a1b78a27578f13a17b -> 
  custom:container-demuxer-webm: 4f35f7cbe854078d1ac9338744f61a02 -> 
  custom:container-demuxer-ogg: 62fdf1f143b41e24485cea50d1cbac27 -> 
  custom:video-encoder-webm-vp8: eb34c28f22e8b96e1ab97ce403110664 -> 
  custom:video-decoder-webm-vp8: 9c59270c3fd7afecdb556c50c9e8de78 -> 
  custom:audio-decoder-ogg-vorbis: bf7c407c2cedff20999df2af8eb42d56 -> 
  custom:audio-encoder-webm-vorbis: bf7c407c2cedff20999df2af8eb42d56 -> 
========================================================================
Received Import Request.
  path: Assets/NewLayer.terrainlayer
  artifactKey: Guid(fe6706197390c47aea9266a4afa73f34) Importer(815301076,1909f56bfc062723c751e8b465ee728b)
Start importing Assets/NewLayer.terrainlayer using Guid(fe6706197390c47aea9266a4afa73f34) Importer(815301076,1909f56bfc062723c751e8b465ee728b)  -> (artifact id: '6a01359561355331ef242f6c1163a471') in 0.079226 seconds 
========================================================================
Received Import Request.
  Time since last request: 0.000253 seconds.
  path: Assets/NewLayer 4.terrainlayer
  artifactKey: Guid(79b578089c05e4988b5c602c400e77aa) Importer(815301076,1909f56bfc062723c751e8b465ee728b)
Start importing Assets/NewLayer 4.terrainlayer using Guid(79b578089c05e4988b5c602c400e77aa) Importer(815301076,1909f56bfc062723c751e8b465ee728b)  -> (artifact id: '88a0863ad58718411dfc50adda357490') in 0.014262 seconds 
========================================================================
Received Import Request.
  Time since last request: 0.000305 seconds.
  path: Assets/sand.terrainlayer
  artifactKey: Guid(6fc7bd972883b4c0c86faaf7b4b68e38) Importer(815301076,1909f56bfc062723c751e8b465ee728b)
Start importing Assets/sand.terrainlayer using Guid(6fc7bd972883b4c0c86faaf7b4b68e38) Importer(815301076,1909f56bfc062723c751e8b465ee728b)  -> (artifact id: '23dfd72adf892bd083040bcccb6b845d') in 0.013192 seconds 
========================================================================
Received Import Request.
  Time since last request: 0.000387 seconds.
  path: Assets/NewLayer 1.terrainlayer
  artifactKey: Guid(da0d87769a4f643f684ceaba93ebb8f6) Importer(815301076,1909f56bfc062723c751e8b465ee728b)
Start importing Assets/NewLayer 1.terrainlayer using Guid(da0d87769a4f643f684ceaba93ebb8f6) Importer(815301076,1909f56bfc062723c751e8b465ee728b)  -> (artifact id: '346576d20de2da25f95f743a59fb9f21') in 0.024139 seconds 
========================================================================
Received Import Request.
  Time since last request: 0.000199 seconds.
  path: Assets/sand 1.terrainlayer
  artifactKey: Guid(75af15cf566dc4251adbc4e3a67ee723) Importer(815301076,1909f56bfc062723c751e8b465ee728b)
Start importing Assets/sand 1.terrainlayer using Guid(75af15cf566dc4251adbc4e3a67ee723) Importer(815301076,1909f56bfc062723c751e8b465ee728b)  -> (artifact id: '89dff6aba40c030b0a94dcd77c89e7a3') in 0.013578 seconds 
========================================================================
Received Import Request.
  Time since last request: 0.000262 seconds.
  path: Assets/New Terrain.asset
  artifactKey: Guid(f83d6965b4d434b6b9c2d39cb59e0ec4) Importer(815301076,1909f56bfc062723c751e8b465ee728b)
Start importing Assets/New Terrain.asset using Guid(f83d6965b4d434b6b9c2d39cb59e0ec4) Importer(815301076,1909f56bfc062723c751e8b465ee728b)  -> (artifact id: 'd7ed4de8fc1ea026ac121ce413591469') in 0.014620 seconds 
========================================================================
Received Import Request.
  Time since last request: 0.000226 seconds.
  path: Assets/New Terrain 3.asset
  artifactKey: Guid(c29f73787d4074624b08799686a7a8f2) Importer(815301076,1909f56bfc062723c751e8b465ee728b)
Start importing Assets/New Terrain 3.asset using Guid(c29f73787d4074624b08799686a7a8f2) Importer(815301076,1909f56bfc062723c751e8b465ee728b)  -> (artifact id: '8b27be34d54b098e8a27ddd3684fe222') in 0.019463 seconds 
========================================================================
Received Import Request.
  Time since last request: 0.000268 seconds.
  path: Assets/New Terrain 4.asset
  artifactKey: Guid(b6182aabf9b2449e6abc1a68d1e22927) Importer(815301076,1909f56bfc062723c751e8b465ee728b)
Start importing Assets/New Terrain 4.asset using Guid(b6182aabf9b2449e6abc1a68d1e22927) Importer(815301076,1909f56bfc062723c751e8b465ee728b)  -> (artifact id: '6eb5b83b6bf4af05064ba52a9be35b4c') in 0.013703 seconds 
========================================================================
Received Import Request.
  Time since last request: 0.000274 seconds.
  path: Assets/green 1.terrainlayer
  artifactKey: Guid(3586ab972a57f404b879882c7eed5665) Importer(815301076,1909f56bfc062723c751e8b465ee728b)
Start importing Assets/green 1.terrainlayer using Guid(3586ab972a57f404b879882c7eed5665) Importer(815301076,1909f56bfc062723c751e8b465ee728b)  -> (artifact id: '3d7ea963f222b641c5eb388134db8288') in 0.014865 seconds 
========================================================================
Received Import Request.
  Time since last request: 0.000325 seconds.
  path: Assets/NewLayer 3.terrainlayer
  artifactKey: Guid(15a380e69dd054298a8a03d7216422af) Importer(815301076,1909f56bfc062723c751e8b465ee728b)
Start importing Assets/NewLayer 3.terrainlayer using Guid(15a380e69dd054298a8a03d7216422af) Importer(815301076,1909f56bfc062723c751e8b465ee728b)  -> (artifact id: 'a805a6614bcbb58c4a43321c242ed6db') in 0.015345 seconds 
========================================================================
Received Import Request.
  Time since last request: 0.000261 seconds.
  path: Assets/rock 1.terrainlayer
  artifactKey: Guid(54cd5b4c290aa40a69f60719f44e6f13) Importer(815301076,1909f56bfc062723c751e8b465ee728b)
Start importing Assets/rock 1.terrainlayer using Guid(54cd5b4c290aa40a69f60719f44e6f13) Importer(815301076,1909f56bfc062723c751e8b465ee728b)  -> (artifact id: '785645e4a35e4ce9026da66eb907f53f') in 0.026048 seconds 
========================================================================
Received Import Request.
  Time since last request: 0.000179 seconds.
  path: Assets/New Terrain Material 1.mat
  artifactKey: Guid(a8eb78faa3bbb4883b0c9388ae2d2292) Importer(815301076,1909f56bfc062723c751e8b465ee728b)
Start importing Assets/New Terrain Material 1.mat using Guid(a8eb78faa3bbb4883b0c9388ae2d2292) Importer(815301076,1909f56bfc062723c751e8b465ee728b)  -> (artifact id: '968bdca28b825be32cbc0eab31307517') in 0.062549 seconds 
========================================================================
Received Import Request.
  Time since last request: 0.000274 seconds.
  path: Assets/mud.terrainlayer
  artifactKey: Guid(0d644c01e291445f3afa4c31e1a451d0) Importer(815301076,1909f56bfc062723c751e8b465ee728b)
Start importing Assets/mud.terrainlayer using Guid(0d644c01e291445f3afa4c31e1a451d0) Importer(815301076,1909f56bfc062723c751e8b465ee728b)  -> (artifact id: '2c289fadc8a8bbbd8c2a194af3f298b7') in 0.016966 seconds 
========================================================================
Received Import Request.
  Time since last request: 0.000234 seconds.
  path: Assets/New Terrain 2.asset
  artifactKey: Guid(b5347d61044ef45a1931cd32bd613e33) Importer(815301076,1909f56bfc062723c751e8b465ee728b)
Start importing Assets/New Terrain 2.asset using Guid(b5347d61044ef45a1931cd32bd613e33) Importer(815301076,1909f56bfc062723c751e8b465ee728b)  -> (artifact id: '73cbc6f4ea0112685599c3101c0baa9f') in 0.031759 seconds 
========================================================================
Received Import Request.
  Time since last request: 0.000278 seconds.
  path: Assets/NewLayer 2.terrainlayer
  artifactKey: Guid(9afc87708760141b4a83d316a72ccc4b) Importer(815301076,1909f56bfc062723c751e8b465ee728b)
Start importing Assets/NewLayer 2.terrainlayer using Guid(9afc87708760141b4a83d316a72ccc4b) Importer(815301076,1909f56bfc062723c751e8b465ee728b)  -> (artifact id: 'f3b47a0be3095fb7e6d14473ff8a89f2') in 0.013058 seconds 
========================================================================
Received Import Request.
  Time since last request: 0.000213 seconds.
  path: Assets/rock.terrainlayer
  artifactKey: Guid(b60d6261a91b34dc08347c505eea29c6) Importer(815301076,1909f56bfc062723c751e8b465ee728b)
Start importing Assets/rock.terrainlayer using Guid(b60d6261a91b34dc08347c505eea29c6) Importer(815301076,1909f56bfc062723c751e8b465ee728b)  -> (artifact id: '505e9f95ab00b2a729204e14364fe61f') in 0.016796 seconds 
========================================================================
Received Import Request.
  Time since last request: 0.000269 seconds.
  path: Assets/GREEN.terrainlayer
  artifactKey: Guid(16d233a3e6c394ad0aea1a1b23cd370f) Importer(815301076,1909f56bfc062723c751e8b465ee728b)
Start importing Assets/GREEN.terrainlayer using Guid(16d233a3e6c394ad0aea1a1b23cd370f) Importer(815301076,1909f56bfc062723c751e8b465ee728b)  -> (artifact id: '5a88ae38eff90865f7ece763b8df2db9') in 0.014406 seconds 
========================================================================
Received Import Request.
  Time since last request: 0.000218 seconds.
  path: Assets/New Terrain 1.asset
  artifactKey: Guid(3c38c1956929f4f1fbec27230186b358) Importer(815301076,1909f56bfc062723c751e8b465ee728b)
Start importing Assets/New Terrain 1.asset using Guid(3c38c1956929f4f1fbec27230186b358) Importer(815301076,1909f56bfc062723c751e8b465ee728b)  -> (artifact id: '5dda2f7612e76fd962f837bc6738f0e4') in 0.028413 seconds 
========================================================================
Received Import Request.
  Time since last request: 0.000322 seconds.
  path: Assets/moss.terrainlayer
  artifactKey: Guid(6032a982ea0164c82ac452fc4742af5b) Importer(815301076,1909f56bfc062723c751e8b465ee728b)
Start importing Assets/moss.terrainlayer using Guid(6032a982ea0164c82ac452fc4742af5b) Importer(815301076,1909f56bfc062723c751e8b465ee728b)  -> (artifact id: 'b9190b8813bd8fade4f99b5416f63f12') in 0.008744 seconds 
========================================================================
Received Import Request.
  Time since last request: 0.000226 seconds.
  path: Assets/New Terrain Material.mat
  artifactKey: Guid(2e42e1393736a4879a3f00e04376f84c) Importer(815301076,1909f56bfc062723c751e8b465ee728b)
Start importing Assets/New Terrain Material.mat using Guid(2e42e1393736a4879a3f00e04376f84c) Importer(815301076,1909f56bfc062723c751e8b465ee728b)  -> (artifact id: 'e7fac1579d04817cc36ac317a6b896da') in 0.019102 seconds 
========================================================================
Received Import Request.
  Time since last request: 0.000205 seconds.
  path: Assets/Manage (1).mp3
  artifactKey: Guid(1a7ae7cc48c1adc499e7382a88ee5316) Importer(815301076,1909f56bfc062723c751e8b465ee728b)
Start importing Assets/Manage (1).mp3 using Guid(1a7ae7cc48c1adc499e7382a88ee5316) Importer(815301076,1909f56bfc062723c751e8b465ee728b)  -> (artifact id: '9abdd144c03e3bff8a483067c5056593') in 0.046613 seconds 
========================================================================
Received Import Request.
  Time since last request: 0.000225 seconds.
  path: Assets/New Terrain Material 2.mat
  artifactKey: Guid(4b0e9006a075a4351a662e4f3b5696ef) Importer(815301076,1909f56bfc062723c751e8b465ee728b)
Start importing Assets/New Terrain Material 2.mat using Guid(4b0e9006a075a4351a662e4f3b5696ef) Importer(815301076,1909f56bfc062723c751e8b465ee728b)  -> (artifact id: 'ad739a661a4b93af6b2201fee2741e0f') in 0.022198 seconds 
========================================================================
Received Prepare
Registering precompiled user dll's ...
Registered in 0.046530 seconds.
Begin MonoManager ReloadAssembly
Native extension for WindowsStandalone target not found
Refreshing native plugins compatible for Editor in 0.80 ms, found 2 plugins.
Preloading 0 native plugins for Editor in 0.00 ms.
Mono: successfully reloaded assembly
- Completed reload, in  4.048 seconds
Domain Reload Profiling:
	ReloadAssembly (4050ms)
		BeginReloadAssembly (296ms)
			ExecutionOrderSort (0ms)
			DisableScriptedObjects (15ms)
			BackupInstance (0ms)
			ReleaseScriptingObjects (0ms)
			CreateAndSetChildDomain (87ms)
		EndReloadAssembly (3477ms)
			LoadAssemblies (283ms)
			RebuildTransferFunctionScriptingTraits (0ms)
			SetupTypeCache (2075ms)
			ReleaseScriptCaches (2ms)
			RebuildScriptCaches (102ms)
			SetupLoadedEditorAssemblies (905ms)
				LogAssemblyErrors (0ms)
				InitializePlatformSupportModulesInManaged (14ms)
				SetLoadedEditorAssemblies (2ms)
				RefreshPlugins (1ms)
				BeforeProcessingInitializeOnLoad (326ms)
				ProcessInitializeOnLoadAttributes (524ms)
				ProcessInitializeOnLoadMethodAttributes (28ms)
				AfterProcessingInitializeOnLoad (9ms)
				EditorAssembliesLoaded (0ms)
			ExecutionOrderSort2 (0ms)
			AwakeInstancesAfterBackupRestoration (3ms)
Platform modules already initialized, skipping
Refreshing native plugins compatible for Editor in 1.40 ms, found 2 plugins.
Preloading 0 native plugins for Editor in 0.00 ms.
Unloading 1600 Unused Serialized files (Serialized files now loaded: 0)
System memory in use before: 94.1 MB.
System memory in use after: 94.2 MB.

Unloading 12 unused Assets to reduce memory usage. Loaded Objects now: 2121.
Total: 8.056500 ms (FindLiveObjects: 0.310600 ms CreateObjectMapping: 0.131600 ms MarkObjects: 7.546000 ms  DeleteObjects: 0.064500 ms)

AssetImportParameters requested are different than current active one (requested -> active):
  custom:framework-win-MediaFoundation: 216162199b28c13a410421893ffa2e32 -> 
  custom:video-decoder-ogg-theora: a1e56fd34408186e4bbccfd4996cb3dc -> 
  custom:container-muxer-webm: aa71ff27fc2769a1b78a27578f13a17b -> 
  custom:container-demuxer-webm: 4f35f7cbe854078d1ac9338744f61a02 -> 
  custom:container-demuxer-ogg: 62fdf1f143b41e24485cea50d1cbac27 -> 
  custom:video-encoder-webm-vp8: eb34c28f22e8b96e1ab97ce403110664 -> 
  custom:video-decoder-webm-vp8: 9c59270c3fd7afecdb556c50c9e8de78 -> 
  custom:audio-decoder-ogg-vorbis: bf7c407c2cedff20999df2af8eb42d56 -> 
  custom:audio-encoder-webm-vorbis: bf7c407c2cedff20999df2af8eb42d56 -> 
========================================================================
Received Prepare
Registering precompiled user dll's ...
Registered in 0.003861 seconds.
Begin MonoManager ReloadAssembly
Native extension for WindowsStandalone target not found
Refreshing native plugins compatible for Editor in 0.63 ms, found 2 plugins.
Preloading 0 native plugins for Editor in 0.00 ms.
Mono: successfully reloaded assembly
- Completed reload, in  2.219 seconds
Domain Reload Profiling:
	ReloadAssembly (2225ms)
		BeginReloadAssembly (321ms)
			ExecutionOrderSort (0ms)
			DisableScriptedObjects (22ms)
			BackupInstance (0ms)
			ReleaseScriptingObjects (0ms)
			CreateAndSetChildDomain (124ms)
		EndReloadAssembly (1768ms)
			LoadAssemblies (195ms)
			RebuildTransferFunctionScriptingTraits (0ms)
			SetupTypeCache (637ms)
			ReleaseScriptCaches (1ms)
			RebuildScriptCaches (87ms)
			SetupLoadedEditorAssemblies (643ms)
				LogAssemblyErrors (0ms)
				InitializePlatformSupportModulesInManaged (10ms)
				SetLoadedEditorAssemblies (1ms)
				RefreshPlugins (1ms)
				BeforeProcessingInitializeOnLoad (116ms)
				ProcessInitializeOnLoadAttributes (476ms)
				ProcessInitializeOnLoadMethodAttributes (24ms)
				AfterProcessingInitializeOnLoad (15ms)
				EditorAssembliesLoaded (1ms)
			ExecutionOrderSort2 (0ms)
			AwakeInstancesAfterBackupRestoration (6ms)
Platform modules already initialized, skipping
Switching build target platform(19) subTarget(0) extendedPlatform(0) -> platform(13) subTarget(537395200) extendedPlatform(0)
Refreshing native plugins compatible for Editor in 0.76 ms, found 2 plugins.
Preloading 0 native plugins for Editor in 0.00 ms.
Unloading 1604 Unused Serialized files (Serialized files now loaded: 0)
System memory in use before: 93.5 MB.
System memory in use after: 93.6 MB.

Unloading 12 unused Assets to reduce memory usage. Loaded Objects now: 2125.
Total: 5.743100 ms (FindLiveObjects: 0.263300 ms CreateObjectMapping: 0.112800 ms MarkObjects: 5.331200 ms  DeleteObjects: 0.033800 ms)

AssetImportParameters requested are different than current active one (requested -> active):
  custom:framework-win-MediaFoundation: 216162199b28c13a410421893ffa2e32 -> 
  custom:video-decoder-ogg-theora: a1e56fd34408186e4bbccfd4996cb3dc -> 
  custom:container-muxer-webm: aa71ff27fc2769a1b78a27578f13a17b -> 
  custom:container-demuxer-webm: 4f35f7cbe854078d1ac9338744f61a02 -> 
  custom:container-demuxer-ogg: 62fdf1f143b41e24485cea50d1cbac27 -> 
  custom:video-encoder-webm-vp8: eb34c28f22e8b96e1ab97ce403110664 -> 
  custom:video-decoder-webm-vp8: 9c59270c3fd7afecdb556c50c9e8de78 -> 
  custom:graphics/normal-map-encoding: 01000000000000000000000000000000 -> 02000000000000000000000000000000
  custom:audio-decoder-ogg-vorbis: bf7c407c2cedff20999df2af8eb42d56 -> 
  custom:audio-encoder-webm-vorbis: bf7c407c2cedff20999df2af8eb42d56 -> 
========================================================================
Received Prepare
Refreshing native plugins compatible for Editor in 3.56 ms, found 2 plugins.
Preloading 0 native plugins for Editor in 0.00 ms.
Unloading 9 Unused Serialized files (Serialized files now loaded: 0)
System memory in use before: 61.8 MB.
System memory in use after: 61.9 MB.

Unloading 9 unused Assets to reduce memory usage. Loaded Objects now: 2125.
Total: 5.018600 ms (FindLiveObjects: 0.262900 ms CreateObjectMapping: 0.145800 ms MarkObjects: 4.585400 ms  DeleteObjects: 0.021500 ms)

AssetImportParameters requested are different than current active one (requested -> active):
  custom:framework-win-MediaFoundation: 216162199b28c13a410421893ffa2e32 -> 
  custom:video-decoder-ogg-theora: a1e56fd34408186e4bbccfd4996cb3dc -> 
  custom:container-muxer-webm: aa71ff27fc2769a1b78a27578f13a17b -> 
  custom:container-demuxer-webm: 4f35f7cbe854078d1ac9338744f61a02 -> 
  custom:container-demuxer-ogg: 62fdf1f143b41e24485cea50d1cbac27 -> 
  custom:video-encoder-webm-vp8: eb34c28f22e8b96e1ab97ce403110664 -> 
  custom:video-decoder-webm-vp8: 9c59270c3fd7afecdb556c50c9e8de78 -> 
  custom:audio-decoder-ogg-vorbis: bf7c407c2cedff20999df2af8eb42d56 -> 
  custom:audio-encoder-webm-vorbis: bf7c407c2cedff20999df2af8eb42d56 -> 
========================================================================
Received Import Request.
  Time since last request: 6283.610323 seconds.
  path: Assets/Manage (1).mp3
  artifactKey: Guid(1a7ae7cc48c1adc499e7382a88ee5316) Importer(815301076,1909f56bfc062723c751e8b465ee728b)
Start importing Assets/Manage (1).mp3 using Guid(1a7ae7cc48c1adc499e7382a88ee5316) Importer(815301076,1909f56bfc062723c751e8b465ee728b)  -> (artifact id: 'ad5e04e4ca579301e7879386838e67a1') in 0.141659 seconds 
AssetImportWorkerClient::OnTransportError - code=2 error=End of file
